<?xml version="1.0" encoding="UTF-8"?>
<!-- Generated by org.testng.reporters.JUnitReportReporter -->
<testsuite hostname="DESKTOP-7KV25OJ" failures="0" tests="1" name="MyTestCases.Signup" time="16.649" errors="0" timestamp="2024-03-15T18:13:15 EET" skipped="0">
  <testcase classname="MyTestCases.Signup" name="myFirstTest" time="16.649"/>
  <system-out/>
</testsuite> <!-- MyTestCases.Signup -->
